ERROR - 2026-04-29 08:12:40 --> Error connecting to the database: mysqli_sql_exception: No such file or directory in /home/hp/Documents/ITU/S4/SI/TP-CODEIGNITER/git-clones/Matieres/system/Database/MySQLi/Connection.php:201
Stack trace:
#0 /home/hp/Documents/ITU/S4/SI/TP-CODEIGNITER/git-clones/Matieres/system/Database/MySQLi/Connection.php(201): mysqli->real_connect()
#1 /home/hp/Documents/ITU/S4/SI/TP-CODEIGNITER/git-clones/Matieres/system/Database/BaseConnection.php(555): CodeIgniter\Database\MySQLi\Connection->connect()
#2 /home/hp/Documents/ITU/S4/SI/TP-CODEIGNITER/git-clones/Matieres/system/Database/BaseConnection.php(795): CodeIgniter\Database\BaseConnection->initialize()
#3 /home/hp/Documents/ITU/S4/SI/TP-CODEIGNITER/git-clones/Matieres/system/Database/BaseBuilder.php(1649): CodeIgniter\Database\BaseConnection->query()
#4 /home/hp/Documents/ITU/S4/SI/TP-CODEIGNITER/git-clones/Matieres/system/Model.php(253): CodeIgniter\Database\BaseBuilder->get()
#5 /home/hp/Documents/ITU/S4/SI/TP-CODEIGNITER/git-clones/Matieres/system/BaseModel.php(676): CodeIgniter\Model->doFindAll()
#6 /home/hp/Documents/ITU/S4/SI/TP-CODEIGNITER/git-clones/Matieres/app/Controllers/NotesController.php(33): CodeIgniter\BaseModel->findAll()
#7 /home/hp/Documents/ITU/S4/SI/TP-CODEIGNITER/git-clones/Matieres/system/CodeIgniter.php(951): App\Controllers\NotesController->index()
#8 /home/hp/Documents/ITU/S4/SI/TP-CODEIGNITER/git-clones/Matieres/system/CodeIgniter.php(497): CodeIgniter\CodeIgniter->runController()
#9 /home/hp/Documents/ITU/S4/SI/TP-CODEIGNITER/git-clones/Matieres/system/CodeIgniter.php(340): CodeIgniter\CodeIgniter->handleRequest()
#10 /home/hp/Documents/ITU/S4/SI/TP-CODEIGNITER/git-clones/Matieres/system/Boot.php(417): CodeIgniter\CodeIgniter->run()
#11 /home/hp/Documents/ITU/S4/SI/TP-CODEIGNITER/git-clones/Matieres/system/Boot.php(68): CodeIgniter\Boot::runCodeIgniter()
#12 /home/hp/Documents/ITU/S4/SI/TP-CODEIGNITER/git-clones/Matieres/public/index.php(59): CodeIgniter\Boot::bootWeb()
#13 /home/hp/Documents/ITU/S4/SI/TP-CODEIGNITER/git-clones/Matieres/system/rewrite.php(44): require_once('...')
#14 {main}

Next CodeIgniter\Database\Exceptions\DatabaseException: No such file or directory in /home/hp/Documents/ITU/S4/SI/TP-CODEIGNITER/git-clones/Matieres/system/Database/MySQLi/Connection.php:231
Stack trace:
#0 /home/hp/Documents/ITU/S4/SI/TP-CODEIGNITER/git-clones/Matieres/system/Database/BaseConnection.php(555): CodeIgniter\Database\MySQLi\Connection->connect()
#1 /home/hp/Documents/ITU/S4/SI/TP-CODEIGNITER/git-clones/Matieres/system/Database/BaseConnection.php(795): CodeIgniter\Database\BaseConnection->initialize()
#2 /home/hp/Documents/ITU/S4/SI/TP-CODEIGNITER/git-clones/Matieres/system/Database/BaseBuilder.php(1649): CodeIgniter\Database\BaseConnection->query()
#3 /home/hp/Documents/ITU/S4/SI/TP-CODEIGNITER/git-clones/Matieres/system/Model.php(253): CodeIgniter\Database\BaseBuilder->get()
#4 /home/hp/Documents/ITU/S4/SI/TP-CODEIGNITER/git-clones/Matieres/system/BaseModel.php(676): CodeIgniter\Model->doFindAll()
#5 /home/hp/Documents/ITU/S4/SI/TP-CODEIGNITER/git-clones/Matieres/app/Controllers/NotesController.php(33): CodeIgniter\BaseModel->findAll()
#6 /home/hp/Documents/ITU/S4/SI/TP-CODEIGNITER/git-clones/Matieres/system/CodeIgniter.php(951): App\Controllers\NotesController->index()
#7 /home/hp/Documents/ITU/S4/SI/TP-CODEIGNITER/git-clones/Matieres/system/CodeIgniter.php(497): CodeIgniter\CodeIgniter->runController()
#8 /home/hp/Documents/ITU/S4/SI/TP-CODEIGNITER/git-clones/Matieres/system/CodeIgniter.php(340): CodeIgniter\CodeIgniter->handleRequest()
#9 /home/hp/Documents/ITU/S4/SI/TP-CODEIGNITER/git-clones/Matieres/system/Boot.php(417): CodeIgniter\CodeIgniter->run()
#10 /home/hp/Documents/ITU/S4/SI/TP-CODEIGNITER/git-clones/Matieres/system/Boot.php(68): CodeIgniter\Boot::runCodeIgniter()
#11 /home/hp/Documents/ITU/S4/SI/TP-CODEIGNITER/git-clones/Matieres/public/index.php(59): CodeIgniter\Boot::bootWeb()
#12 /home/hp/Documents/ITU/S4/SI/TP-CODEIGNITER/git-clones/Matieres/system/rewrite.php(44): require_once('...')
#13 {main}
CRITICAL - 2026-04-29 08:12:40 --> CodeIgniter\Database\Exceptions\DatabaseException: Unable to connect to the database.
Main connection [MySQLi]: No such file or directory
[Method: GET, Route: notes]
in SYSTEMPATH/Database/BaseConnection.php on line 606.
 1 SYSTEMPATH/Database/BaseConnection.php(795): CodeIgniter\Database\BaseConnection->initialize()
 2 SYSTEMPATH/Database/BaseBuilder.php(1649): CodeIgniter\Database\BaseConnection->query()
 3 SYSTEMPATH/Model.php(253): CodeIgniter\Database\BaseBuilder->get()
 4 SYSTEMPATH/BaseModel.php(676): CodeIgniter\Model->doFindAll()
 5 APPPATH/Controllers/NotesController.php(33): CodeIgniter\BaseModel->findAll()
 6 SYSTEMPATH/CodeIgniter.php(951): App\Controllers\NotesController->index()
 7 SYSTEMPATH/CodeIgniter.php(497): CodeIgniter\CodeIgniter->runController()
 8 SYSTEMPATH/CodeIgniter.php(340): CodeIgniter\CodeIgniter->handleRequest()
 9 SYSTEMPATH/Boot.php(417): CodeIgniter\CodeIgniter->run()
10 SYSTEMPATH/Boot.php(68): CodeIgniter\Boot::runCodeIgniter()
11 FCPATH/index.php(59): CodeIgniter\Boot::bootWeb()
12 SYSTEMPATH/rewrite.php(44): require_once('/home/hp/Documents/ITU/S4/SI/TP-CODEIGNITER/git-clones/Matieres/public/index.php')
ERROR - 2026-04-29 08:12:41 --> Error connecting to the database: mysqli_sql_exception: No such file or directory in /home/hp/Documents/ITU/S4/SI/TP-CODEIGNITER/git-clones/Matieres/system/Database/MySQLi/Connection.php:201
Stack trace:
#0 /home/hp/Documents/ITU/S4/SI/TP-CODEIGNITER/git-clones/Matieres/system/Database/MySQLi/Connection.php(201): mysqli->real_connect()
#1 /home/hp/Documents/ITU/S4/SI/TP-CODEIGNITER/git-clones/Matieres/system/Database/BaseConnection.php(555): CodeIgniter\Database\MySQLi\Connection->connect()
#2 /home/hp/Documents/ITU/S4/SI/TP-CODEIGNITER/git-clones/Matieres/system/Database/BaseConnection.php(795): CodeIgniter\Database\BaseConnection->initialize()
#3 /home/hp/Documents/ITU/S4/SI/TP-CODEIGNITER/git-clones/Matieres/system/Database/BaseBuilder.php(1649): CodeIgniter\Database\BaseConnection->query()
#4 /home/hp/Documents/ITU/S4/SI/TP-CODEIGNITER/git-clones/Matieres/system/Model.php(253): CodeIgniter\Database\BaseBuilder->get()
#5 /home/hp/Documents/ITU/S4/SI/TP-CODEIGNITER/git-clones/Matieres/system/BaseModel.php(676): CodeIgniter\Model->doFindAll()
#6 /home/hp/Documents/ITU/S4/SI/TP-CODEIGNITER/git-clones/Matieres/app/Controllers/NotesController.php(33): CodeIgniter\BaseModel->findAll()
#7 /home/hp/Documents/ITU/S4/SI/TP-CODEIGNITER/git-clones/Matieres/system/CodeIgniter.php(951): App\Controllers\NotesController->index()
#8 /home/hp/Documents/ITU/S4/SI/TP-CODEIGNITER/git-clones/Matieres/system/CodeIgniter.php(497): CodeIgniter\CodeIgniter->runController()
#9 /home/hp/Documents/ITU/S4/SI/TP-CODEIGNITER/git-clones/Matieres/system/CodeIgniter.php(340): CodeIgniter\CodeIgniter->handleRequest()
#10 /home/hp/Documents/ITU/S4/SI/TP-CODEIGNITER/git-clones/Matieres/system/Boot.php(417): CodeIgniter\CodeIgniter->run()
#11 /home/hp/Documents/ITU/S4/SI/TP-CODEIGNITER/git-clones/Matieres/system/Boot.php(68): CodeIgniter\Boot::runCodeIgniter()
#12 /home/hp/Documents/ITU/S4/SI/TP-CODEIGNITER/git-clones/Matieres/public/index.php(59): CodeIgniter\Boot::bootWeb()
#13 /home/hp/Documents/ITU/S4/SI/TP-CODEIGNITER/git-clones/Matieres/system/rewrite.php(44): require_once('...')
#14 {main}

Next CodeIgniter\Database\Exceptions\DatabaseException: No such file or directory in /home/hp/Documents/ITU/S4/SI/TP-CODEIGNITER/git-clones/Matieres/system/Database/MySQLi/Connection.php:231
Stack trace:
#0 /home/hp/Documents/ITU/S4/SI/TP-CODEIGNITER/git-clones/Matieres/system/Database/BaseConnection.php(555): CodeIgniter\Database\MySQLi\Connection->connect()
#1 /home/hp/Documents/ITU/S4/SI/TP-CODEIGNITER/git-clones/Matieres/system/Database/BaseConnection.php(795): CodeIgniter\Database\BaseConnection->initialize()
#2 /home/hp/Documents/ITU/S4/SI/TP-CODEIGNITER/git-clones/Matieres/system/Database/BaseBuilder.php(1649): CodeIgniter\Database\BaseConnection->query()
#3 /home/hp/Documents/ITU/S4/SI/TP-CODEIGNITER/git-clones/Matieres/system/Model.php(253): CodeIgniter\Database\BaseBuilder->get()
#4 /home/hp/Documents/ITU/S4/SI/TP-CODEIGNITER/git-clones/Matieres/system/BaseModel.php(676): CodeIgniter\Model->doFindAll()
#5 /home/hp/Documents/ITU/S4/SI/TP-CODEIGNITER/git-clones/Matieres/app/Controllers/NotesController.php(33): CodeIgniter\BaseModel->findAll()
#6 /home/hp/Documents/ITU/S4/SI/TP-CODEIGNITER/git-clones/Matieres/system/CodeIgniter.php(951): App\Controllers\NotesController->index()
#7 /home/hp/Documents/ITU/S4/SI/TP-CODEIGNITER/git-clones/Matieres/system/CodeIgniter.php(497): CodeIgniter\CodeIgniter->runController()
#8 /home/hp/Documents/ITU/S4/SI/TP-CODEIGNITER/git-clones/Matieres/system/CodeIgniter.php(340): CodeIgniter\CodeIgniter->handleRequest()
#9 /home/hp/Documents/ITU/S4/SI/TP-CODEIGNITER/git-clones/Matieres/system/Boot.php(417): CodeIgniter\CodeIgniter->run()
#10 /home/hp/Documents/ITU/S4/SI/TP-CODEIGNITER/git-clones/Matieres/system/Boot.php(68): CodeIgniter\Boot::runCodeIgniter()
#11 /home/hp/Documents/ITU/S4/SI/TP-CODEIGNITER/git-clones/Matieres/public/index.php(59): CodeIgniter\Boot::bootWeb()
#12 /home/hp/Documents/ITU/S4/SI/TP-CODEIGNITER/git-clones/Matieres/system/rewrite.php(44): require_once('...')
#13 {main}
CRITICAL - 2026-04-29 08:12:41 --> CodeIgniter\Database\Exceptions\DatabaseException: Unable to connect to the database.
Main connection [MySQLi]: No such file or directory
[Method: GET, Route: notes]
in SYSTEMPATH/Database/BaseConnection.php on line 606.
 1 SYSTEMPATH/Database/BaseConnection.php(795): CodeIgniter\Database\BaseConnection->initialize()
 2 SYSTEMPATH/Database/BaseBuilder.php(1649): CodeIgniter\Database\BaseConnection->query()
 3 SYSTEMPATH/Model.php(253): CodeIgniter\Database\BaseBuilder->get()
 4 SYSTEMPATH/BaseModel.php(676): CodeIgniter\Model->doFindAll()
 5 APPPATH/Controllers/NotesController.php(33): CodeIgniter\BaseModel->findAll()
 6 SYSTEMPATH/CodeIgniter.php(951): App\Controllers\NotesController->index()
 7 SYSTEMPATH/CodeIgniter.php(497): CodeIgniter\CodeIgniter->runController()
 8 SYSTEMPATH/CodeIgniter.php(340): CodeIgniter\CodeIgniter->handleRequest()
 9 SYSTEMPATH/Boot.php(417): CodeIgniter\CodeIgniter->run()
10 SYSTEMPATH/Boot.php(68): CodeIgniter\Boot::runCodeIgniter()
11 FCPATH/index.php(59): CodeIgniter\Boot::bootWeb()
12 SYSTEMPATH/rewrite.php(44): require_once('/home/hp/Documents/ITU/S4/SI/TP-CODEIGNITER/git-clones/Matieres/public/index.php')
ERROR - 2026-04-29 08:13:04 --> Error connecting to the database: mysqli_sql_exception: No such file or directory in /home/hp/Documents/ITU/S4/SI/TP-CODEIGNITER/git-clones/Matieres/system/Database/MySQLi/Connection.php:201
Stack trace:
#0 /home/hp/Documents/ITU/S4/SI/TP-CODEIGNITER/git-clones/Matieres/system/Database/MySQLi/Connection.php(201): mysqli->real_connect()
#1 /home/hp/Documents/ITU/S4/SI/TP-CODEIGNITER/git-clones/Matieres/system/Database/BaseConnection.php(555): CodeIgniter\Database\MySQLi\Connection->connect()
#2 /home/hp/Documents/ITU/S4/SI/TP-CODEIGNITER/git-clones/Matieres/system/Database/BaseConnection.php(795): CodeIgniter\Database\BaseConnection->initialize()
#3 /home/hp/Documents/ITU/S4/SI/TP-CODEIGNITER/git-clones/Matieres/system/Database/BaseBuilder.php(1649): CodeIgniter\Database\BaseConnection->query()
#4 /home/hp/Documents/ITU/S4/SI/TP-CODEIGNITER/git-clones/Matieres/system/Model.php(192): CodeIgniter\Database\BaseBuilder->get()
#5 /home/hp/Documents/ITU/S4/SI/TP-CODEIGNITER/git-clones/Matieres/system/BaseModel.php(615): CodeIgniter\Model->doFind()
#6 /home/hp/Documents/ITU/S4/SI/TP-CODEIGNITER/git-clones/Matieres/app/Controllers/NotesController.php(98): CodeIgniter\BaseModel->find()
#7 /home/hp/Documents/ITU/S4/SI/TP-CODEIGNITER/git-clones/Matieres/system/CodeIgniter.php(951): App\Controllers\NotesController->show()
#8 /home/hp/Documents/ITU/S4/SI/TP-CODEIGNITER/git-clones/Matieres/system/CodeIgniter.php(497): CodeIgniter\CodeIgniter->runController()
#9 /home/hp/Documents/ITU/S4/SI/TP-CODEIGNITER/git-clones/Matieres/system/CodeIgniter.php(340): CodeIgniter\CodeIgniter->handleRequest()
#10 /home/hp/Documents/ITU/S4/SI/TP-CODEIGNITER/git-clones/Matieres/system/Boot.php(417): CodeIgniter\CodeIgniter->run()
#11 /home/hp/Documents/ITU/S4/SI/TP-CODEIGNITER/git-clones/Matieres/system/Boot.php(68): CodeIgniter\Boot::runCodeIgniter()
#12 /home/hp/Documents/ITU/S4/SI/TP-CODEIGNITER/git-clones/Matieres/public/index.php(59): CodeIgniter\Boot::bootWeb()
#13 /home/hp/Documents/ITU/S4/SI/TP-CODEIGNITER/git-clones/Matieres/system/rewrite.php(44): require_once('...')
#14 {main}

Next CodeIgniter\Database\Exceptions\DatabaseException: No such file or directory in /home/hp/Documents/ITU/S4/SI/TP-CODEIGNITER/git-clones/Matieres/system/Database/MySQLi/Connection.php:231
Stack trace:
#0 /home/hp/Documents/ITU/S4/SI/TP-CODEIGNITER/git-clones/Matieres/system/Database/BaseConnection.php(555): CodeIgniter\Database\MySQLi\Connection->connect()
#1 /home/hp/Documents/ITU/S4/SI/TP-CODEIGNITER/git-clones/Matieres/system/Database/BaseConnection.php(795): CodeIgniter\Database\BaseConnection->initialize()
#2 /home/hp/Documents/ITU/S4/SI/TP-CODEIGNITER/git-clones/Matieres/system/Database/BaseBuilder.php(1649): CodeIgniter\Database\BaseConnection->query()
#3 /home/hp/Documents/ITU/S4/SI/TP-CODEIGNITER/git-clones/Matieres/system/Model.php(192): CodeIgniter\Database\BaseBuilder->get()
#4 /home/hp/Documents/ITU/S4/SI/TP-CODEIGNITER/git-clones/Matieres/system/BaseModel.php(615): CodeIgniter\Model->doFind()
#5 /home/hp/Documents/ITU/S4/SI/TP-CODEIGNITER/git-clones/Matieres/app/Controllers/NotesController.php(98): CodeIgniter\BaseModel->find()
#6 /home/hp/Documents/ITU/S4/SI/TP-CODEIGNITER/git-clones/Matieres/system/CodeIgniter.php(951): App\Controllers\NotesController->show()
#7 /home/hp/Documents/ITU/S4/SI/TP-CODEIGNITER/git-clones/Matieres/system/CodeIgniter.php(497): CodeIgniter\CodeIgniter->runController()
#8 /home/hp/Documents/ITU/S4/SI/TP-CODEIGNITER/git-clones/Matieres/system/CodeIgniter.php(340): CodeIgniter\CodeIgniter->handleRequest()
#9 /home/hp/Documents/ITU/S4/SI/TP-CODEIGNITER/git-clones/Matieres/system/Boot.php(417): CodeIgniter\CodeIgniter->run()
#10 /home/hp/Documents/ITU/S4/SI/TP-CODEIGNITER/git-clones/Matieres/system/Boot.php(68): CodeIgniter\Boot::runCodeIgniter()
#11 /home/hp/Documents/ITU/S4/SI/TP-CODEIGNITER/git-clones/Matieres/public/index.php(59): CodeIgniter\Boot::bootWeb()
#12 /home/hp/Documents/ITU/S4/SI/TP-CODEIGNITER/git-clones/Matieres/system/rewrite.php(44): require_once('...')
#13 {main}
CRITICAL - 2026-04-29 08:13:04 --> CodeIgniter\Database\Exceptions\DatabaseException: Unable to connect to the database.
Main connection [MySQLi]: No such file or directory
[Method: GET, Route: notes/show/1]
in SYSTEMPATH/Database/BaseConnection.php on line 606.
 1 SYSTEMPATH/Database/BaseConnection.php(795): CodeIgniter\Database\BaseConnection->initialize()
 2 SYSTEMPATH/Database/BaseBuilder.php(1649): CodeIgniter\Database\BaseConnection->query()
 3 SYSTEMPATH/Model.php(192): CodeIgniter\Database\BaseBuilder->get()
 4 SYSTEMPATH/BaseModel.php(615): CodeIgniter\Model->doFind()
 5 APPPATH/Controllers/NotesController.php(98): CodeIgniter\BaseModel->find()
 6 SYSTEMPATH/CodeIgniter.php(951): App\Controllers\NotesController->show()
 7 SYSTEMPATH/CodeIgniter.php(497): CodeIgniter\CodeIgniter->runController()
 8 SYSTEMPATH/CodeIgniter.php(340): CodeIgniter\CodeIgniter->handleRequest()
 9 SYSTEMPATH/Boot.php(417): CodeIgniter\CodeIgniter->run()
10 SYSTEMPATH/Boot.php(68): CodeIgniter\Boot::runCodeIgniter()
11 FCPATH/index.php(59): CodeIgniter\Boot::bootWeb()
12 SYSTEMPATH/rewrite.php(44): require_once('/home/hp/Documents/ITU/S4/SI/TP-CODEIGNITER/git-clones/Matieres/public/index.php')
ERROR - 2026-04-29 08:13:42 --> Error connecting to the database: mysqli_sql_exception: No such file or directory in /home/hp/Documents/ITU/S4/SI/TP-CODEIGNITER/git-clones/Matieres/system/Database/MySQLi/Connection.php:201
Stack trace:
#0 /home/hp/Documents/ITU/S4/SI/TP-CODEIGNITER/git-clones/Matieres/system/Database/MySQLi/Connection.php(201): mysqli->real_connect()
#1 /home/hp/Documents/ITU/S4/SI/TP-CODEIGNITER/git-clones/Matieres/system/Database/BaseConnection.php(555): CodeIgniter\Database\MySQLi\Connection->connect()
#2 /home/hp/Documents/ITU/S4/SI/TP-CODEIGNITER/git-clones/Matieres/system/Database/BaseConnection.php(795): CodeIgniter\Database\BaseConnection->initialize()
#3 /home/hp/Documents/ITU/S4/SI/TP-CODEIGNITER/git-clones/Matieres/system/Database/BaseBuilder.php(1649): CodeIgniter\Database\BaseConnection->query()
#4 /home/hp/Documents/ITU/S4/SI/TP-CODEIGNITER/git-clones/Matieres/system/Model.php(253): CodeIgniter\Database\BaseBuilder->get()
#5 /home/hp/Documents/ITU/S4/SI/TP-CODEIGNITER/git-clones/Matieres/system/BaseModel.php(676): CodeIgniter\Model->doFindAll()
#6 /home/hp/Documents/ITU/S4/SI/TP-CODEIGNITER/git-clones/Matieres/app/Controllers/NotesController.php(33): CodeIgniter\BaseModel->findAll()
#7 /home/hp/Documents/ITU/S4/SI/TP-CODEIGNITER/git-clones/Matieres/system/CodeIgniter.php(951): App\Controllers\NotesController->index()
#8 /home/hp/Documents/ITU/S4/SI/TP-CODEIGNITER/git-clones/Matieres/system/CodeIgniter.php(497): CodeIgniter\CodeIgniter->runController()
#9 /home/hp/Documents/ITU/S4/SI/TP-CODEIGNITER/git-clones/Matieres/system/CodeIgniter.php(340): CodeIgniter\CodeIgniter->handleRequest()
#10 /home/hp/Documents/ITU/S4/SI/TP-CODEIGNITER/git-clones/Matieres/system/Boot.php(417): CodeIgniter\CodeIgniter->run()
#11 /home/hp/Documents/ITU/S4/SI/TP-CODEIGNITER/git-clones/Matieres/system/Boot.php(68): CodeIgniter\Boot::runCodeIgniter()
#12 /home/hp/Documents/ITU/S4/SI/TP-CODEIGNITER/git-clones/Matieres/public/index.php(59): CodeIgniter\Boot::bootWeb()
#13 /home/hp/Documents/ITU/S4/SI/TP-CODEIGNITER/git-clones/Matieres/system/rewrite.php(44): require_once('...')
#14 {main}

Next CodeIgniter\Database\Exceptions\DatabaseException: No such file or directory in /home/hp/Documents/ITU/S4/SI/TP-CODEIGNITER/git-clones/Matieres/system/Database/MySQLi/Connection.php:231
Stack trace:
#0 /home/hp/Documents/ITU/S4/SI/TP-CODEIGNITER/git-clones/Matieres/system/Database/BaseConnection.php(555): CodeIgniter\Database\MySQLi\Connection->connect()
#1 /home/hp/Documents/ITU/S4/SI/TP-CODEIGNITER/git-clones/Matieres/system/Database/BaseConnection.php(795): CodeIgniter\Database\BaseConnection->initialize()
#2 /home/hp/Documents/ITU/S4/SI/TP-CODEIGNITER/git-clones/Matieres/system/Database/BaseBuilder.php(1649): CodeIgniter\Database\BaseConnection->query()
#3 /home/hp/Documents/ITU/S4/SI/TP-CODEIGNITER/git-clones/Matieres/system/Model.php(253): CodeIgniter\Database\BaseBuilder->get()
#4 /home/hp/Documents/ITU/S4/SI/TP-CODEIGNITER/git-clones/Matieres/system/BaseModel.php(676): CodeIgniter\Model->doFindAll()
#5 /home/hp/Documents/ITU/S4/SI/TP-CODEIGNITER/git-clones/Matieres/app/Controllers/NotesController.php(33): CodeIgniter\BaseModel->findAll()
#6 /home/hp/Documents/ITU/S4/SI/TP-CODEIGNITER/git-clones/Matieres/system/CodeIgniter.php(951): App\Controllers\NotesController->index()
#7 /home/hp/Documents/ITU/S4/SI/TP-CODEIGNITER/git-clones/Matieres/system/CodeIgniter.php(497): CodeIgniter\CodeIgniter->runController()
#8 /home/hp/Documents/ITU/S4/SI/TP-CODEIGNITER/git-clones/Matieres/system/CodeIgniter.php(340): CodeIgniter\CodeIgniter->handleRequest()
#9 /home/hp/Documents/ITU/S4/SI/TP-CODEIGNITER/git-clones/Matieres/system/Boot.php(417): CodeIgniter\CodeIgniter->run()
#10 /home/hp/Documents/ITU/S4/SI/TP-CODEIGNITER/git-clones/Matieres/system/Boot.php(68): CodeIgniter\Boot::runCodeIgniter()
#11 /home/hp/Documents/ITU/S4/SI/TP-CODEIGNITER/git-clones/Matieres/public/index.php(59): CodeIgniter\Boot::bootWeb()
#12 /home/hp/Documents/ITU/S4/SI/TP-CODEIGNITER/git-clones/Matieres/system/rewrite.php(44): require_once('...')
#13 {main}
CRITICAL - 2026-04-29 08:13:42 --> CodeIgniter\Database\Exceptions\DatabaseException: Unable to connect to the database.
Main connection [MySQLi]: No such file or directory
[Method: GET, Route: notes]
in SYSTEMPATH/Database/BaseConnection.php on line 606.
 1 SYSTEMPATH/Database/BaseConnection.php(795): CodeIgniter\Database\BaseConnection->initialize()
 2 SYSTEMPATH/Database/BaseBuilder.php(1649): CodeIgniter\Database\BaseConnection->query()
 3 SYSTEMPATH/Model.php(253): CodeIgniter\Database\BaseBuilder->get()
 4 SYSTEMPATH/BaseModel.php(676): CodeIgniter\Model->doFindAll()
 5 APPPATH/Controllers/NotesController.php(33): CodeIgniter\BaseModel->findAll()
 6 SYSTEMPATH/CodeIgniter.php(951): App\Controllers\NotesController->index()
 7 SYSTEMPATH/CodeIgniter.php(497): CodeIgniter\CodeIgniter->runController()
 8 SYSTEMPATH/CodeIgniter.php(340): CodeIgniter\CodeIgniter->handleRequest()
 9 SYSTEMPATH/Boot.php(417): CodeIgniter\CodeIgniter->run()
10 SYSTEMPATH/Boot.php(68): CodeIgniter\Boot::runCodeIgniter()
11 FCPATH/index.php(59): CodeIgniter\Boot::bootWeb()
12 SYSTEMPATH/rewrite.php(44): require_once('/home/hp/Documents/ITU/S4/SI/TP-CODEIGNITER/git-clones/Matieres/public/index.php')
CRITICAL - 2026-04-29 08:23:28 --> ErrorException: include(/home/hp/Documents/ITU/S4/SI/TP-CODEIGNITER/git-clones/Matieres/app/Views/layouts/header.php): Failed to open stream: No such file or directory
[Method: GET, Route: notes]
in APPPATH/Views/AjoutNotes.php on line 1.
 1 APPPATH/Views/AjoutNotes.php(1): CodeIgniter\Debug\Exceptions->errorHandler()
 2 APPPATH/Views/AjoutNotes.php(1): include()
 3 SYSTEMPATH/View/View.php(240): include('/home/hp/Documents/ITU/S4/SI/TP-CODEIGNITER/git-clones/Matieres/app/Views/AjoutNotes.php')
 4 SYSTEMPATH/View/View.php(243): CodeIgniter\View\View->CodeIgniter\View\{closure}()
 5 SYSTEMPATH/Common.php(1250): CodeIgniter\View\View->render()
 6 APPPATH/Controllers/NotesController.php(64): view()
 7 SYSTEMPATH/CodeIgniter.php(951): App\Controllers\NotesController->index()
 8 SYSTEMPATH/CodeIgniter.php(497): CodeIgniter\CodeIgniter->runController()
 9 SYSTEMPATH/CodeIgniter.php(340): CodeIgniter\CodeIgniter->handleRequest()
10 SYSTEMPATH/Boot.php(417): CodeIgniter\CodeIgniter->run()
11 SYSTEMPATH/Boot.php(68): CodeIgniter\Boot::runCodeIgniter()
12 FCPATH/index.php(59): CodeIgniter\Boot::bootWeb()
13 SYSTEMPATH/rewrite.php(44): require_once('/home/hp/Documents/ITU/S4/SI/TP-CODEIGNITER/git-clones/Matieres/public/index.php')
CRITICAL - 2026-04-29 08:23:30 --> ErrorException: include(/home/hp/Documents/ITU/S4/SI/TP-CODEIGNITER/git-clones/Matieres/app/Views/layouts/header.php): Failed to open stream: No such file or directory
[Method: GET, Route: notes]
in APPPATH/Views/AjoutNotes.php on line 1.
 1 APPPATH/Views/AjoutNotes.php(1): CodeIgniter\Debug\Exceptions->errorHandler()
 2 APPPATH/Views/AjoutNotes.php(1): include()
 3 SYSTEMPATH/View/View.php(240): include('/home/hp/Documents/ITU/S4/SI/TP-CODEIGNITER/git-clones/Matieres/app/Views/AjoutNotes.php')
 4 SYSTEMPATH/View/View.php(243): CodeIgniter\View\View->CodeIgniter\View\{closure}()
 5 SYSTEMPATH/Common.php(1250): CodeIgniter\View\View->render()
 6 APPPATH/Controllers/NotesController.php(64): view()
 7 SYSTEMPATH/CodeIgniter.php(951): App\Controllers\NotesController->index()
 8 SYSTEMPATH/CodeIgniter.php(497): CodeIgniter\CodeIgniter->runController()
 9 SYSTEMPATH/CodeIgniter.php(340): CodeIgniter\CodeIgniter->handleRequest()
10 SYSTEMPATH/Boot.php(417): CodeIgniter\CodeIgniter->run()
11 SYSTEMPATH/Boot.php(68): CodeIgniter\Boot::runCodeIgniter()
12 FCPATH/index.php(59): CodeIgniter\Boot::bootWeb()
13 SYSTEMPATH/rewrite.php(44): require_once('/home/hp/Documents/ITU/S4/SI/TP-CODEIGNITER/git-clones/Matieres/public/index.php')
CRITICAL - 2026-04-29 08:23:36 --> ErrorException: include(/home/hp/Documents/ITU/S4/SI/TP-CODEIGNITER/git-clones/Matieres/app/Views/layouts/header.php): Failed to open stream: No such file or directory
[Method: GET, Route: notes]
in APPPATH/Views/AjoutNotes.php on line 1.
 1 APPPATH/Views/AjoutNotes.php(1): CodeIgniter\Debug\Exceptions->errorHandler()
 2 APPPATH/Views/AjoutNotes.php(1): include()
 3 SYSTEMPATH/View/View.php(240): include('/home/hp/Documents/ITU/S4/SI/TP-CODEIGNITER/git-clones/Matieres/app/Views/AjoutNotes.php')
 4 SYSTEMPATH/View/View.php(243): CodeIgniter\View\View->CodeIgniter\View\{closure}()
 5 SYSTEMPATH/Common.php(1250): CodeIgniter\View\View->render()
 6 APPPATH/Controllers/NotesController.php(64): view()
 7 SYSTEMPATH/CodeIgniter.php(951): App\Controllers\NotesController->index()
 8 SYSTEMPATH/CodeIgniter.php(497): CodeIgniter\CodeIgniter->runController()
 9 SYSTEMPATH/CodeIgniter.php(340): CodeIgniter\CodeIgniter->handleRequest()
10 SYSTEMPATH/Boot.php(417): CodeIgniter\CodeIgniter->run()
11 SYSTEMPATH/Boot.php(68): CodeIgniter\Boot::runCodeIgniter()
12 FCPATH/index.php(59): CodeIgniter\Boot::bootWeb()
13 SYSTEMPATH/rewrite.php(44): require_once('/home/hp/Documents/ITU/S4/SI/TP-CODEIGNITER/git-clones/Matieres/public/index.php')
CRITICAL - 2026-04-29 08:23:37 --> ErrorException: include(/home/hp/Documents/ITU/S4/SI/TP-CODEIGNITER/git-clones/Matieres/app/Views/layouts/header.php): Failed to open stream: No such file or directory
[Method: GET, Route: notes]
in APPPATH/Views/AjoutNotes.php on line 1.
 1 APPPATH/Views/AjoutNotes.php(1): CodeIgniter\Debug\Exceptions->errorHandler()
 2 APPPATH/Views/AjoutNotes.php(1): include()
 3 SYSTEMPATH/View/View.php(240): include('/home/hp/Documents/ITU/S4/SI/TP-CODEIGNITER/git-clones/Matieres/app/Views/AjoutNotes.php')
 4 SYSTEMPATH/View/View.php(243): CodeIgniter\View\View->CodeIgniter\View\{closure}()
 5 SYSTEMPATH/Common.php(1250): CodeIgniter\View\View->render()
 6 APPPATH/Controllers/NotesController.php(64): view()
 7 SYSTEMPATH/CodeIgniter.php(951): App\Controllers\NotesController->index()
 8 SYSTEMPATH/CodeIgniter.php(497): CodeIgniter\CodeIgniter->runController()
 9 SYSTEMPATH/CodeIgniter.php(340): CodeIgniter\CodeIgniter->handleRequest()
10 SYSTEMPATH/Boot.php(417): CodeIgniter\CodeIgniter->run()
11 SYSTEMPATH/Boot.php(68): CodeIgniter\Boot::runCodeIgniter()
12 FCPATH/index.php(59): CodeIgniter\Boot::bootWeb()
13 SYSTEMPATH/rewrite.php(44): require_once('/home/hp/Documents/ITU/S4/SI/TP-CODEIGNITER/git-clones/Matieres/public/index.php')
CRITICAL - 2026-04-29 08:26:14 --> ParseError: syntax error, unexpected identifier "via"
[Method: GET, Route: notes]
in APPPATH/Controllers/NotesController.php on line 106.
 1 SYSTEMPATH/Autoloader/Autoloader.php(295): CodeIgniter\Autoloader\Autoloader->includeFile()
 2 SYSTEMPATH/Autoloader/Autoloader.php(271): CodeIgniter\Autoloader\Autoloader->loadInNamespace()
 3 [internal function]: CodeIgniter\Autoloader\Autoloader->loadClass()
 4 SYSTEMPATH/Router/Router.php(792): class_exists()
 5 SYSTEMPATH/Router/Router.php(230): CodeIgniter\Router\Router->processRouteAttributes()
 6 SYSTEMPATH/CodeIgniter.php(829): CodeIgniter\Router\Router->handle()
 7 SYSTEMPATH/CodeIgniter.php(441): CodeIgniter\CodeIgniter->tryToRouteIt()
 8 SYSTEMPATH/CodeIgniter.php(340): CodeIgniter\CodeIgniter->handleRequest()
 9 SYSTEMPATH/Boot.php(417): CodeIgniter\CodeIgniter->run()
10 SYSTEMPATH/Boot.php(68): CodeIgniter\Boot::runCodeIgniter()
11 FCPATH/index.php(59): CodeIgniter\Boot::bootWeb()
12 SYSTEMPATH/rewrite.php(44): require_once('/home/hp/Documents/ITU/S4/SI/TP-CODEIGNITER/git-clones/Matieres/public/index.php')
CRITICAL - 2026-04-29 08:26:15 --> ParseError: syntax error, unexpected identifier "via"
[Method: GET, Route: notes]
in APPPATH/Controllers/NotesController.php on line 106.
 1 SYSTEMPATH/Autoloader/Autoloader.php(295): CodeIgniter\Autoloader\Autoloader->includeFile()
 2 SYSTEMPATH/Autoloader/Autoloader.php(271): CodeIgniter\Autoloader\Autoloader->loadInNamespace()
 3 [internal function]: CodeIgniter\Autoloader\Autoloader->loadClass()
 4 SYSTEMPATH/Router/Router.php(792): class_exists()
 5 SYSTEMPATH/Router/Router.php(230): CodeIgniter\Router\Router->processRouteAttributes()
 6 SYSTEMPATH/CodeIgniter.php(829): CodeIgniter\Router\Router->handle()
 7 SYSTEMPATH/CodeIgniter.php(441): CodeIgniter\CodeIgniter->tryToRouteIt()
 8 SYSTEMPATH/CodeIgniter.php(340): CodeIgniter\CodeIgniter->handleRequest()
 9 SYSTEMPATH/Boot.php(417): CodeIgniter\CodeIgniter->run()
10 SYSTEMPATH/Boot.php(68): CodeIgniter\Boot::runCodeIgniter()
11 FCPATH/index.php(59): CodeIgniter\Boot::bootWeb()
12 SYSTEMPATH/rewrite.php(44): require_once('/home/hp/Documents/ITU/S4/SI/TP-CODEIGNITER/git-clones/Matieres/public/index.php')
CRITICAL - 2026-04-29 08:27:56 --> ParseError: syntax error, unexpected identifier "via"
[Method: GET, Route: notes]
in APPPATH/Controllers/NotesController.php on line 106.
 1 SYSTEMPATH/Autoloader/Autoloader.php(295): CodeIgniter\Autoloader\Autoloader->includeFile()
 2 SYSTEMPATH/Autoloader/Autoloader.php(271): CodeIgniter\Autoloader\Autoloader->loadInNamespace()
 3 [internal function]: CodeIgniter\Autoloader\Autoloader->loadClass()
 4 SYSTEMPATH/Router/Router.php(792): class_exists()
 5 SYSTEMPATH/Router/Router.php(230): CodeIgniter\Router\Router->processRouteAttributes()
 6 SYSTEMPATH/CodeIgniter.php(829): CodeIgniter\Router\Router->handle()
 7 SYSTEMPATH/CodeIgniter.php(441): CodeIgniter\CodeIgniter->tryToRouteIt()
 8 SYSTEMPATH/CodeIgniter.php(340): CodeIgniter\CodeIgniter->handleRequest()
 9 SYSTEMPATH/Boot.php(417): CodeIgniter\CodeIgniter->run()
10 SYSTEMPATH/Boot.php(68): CodeIgniter\Boot::runCodeIgniter()
11 FCPATH/index.php(59): CodeIgniter\Boot::bootWeb()
12 SYSTEMPATH/rewrite.php(44): require_once('/home/hp/Documents/ITU/S4/SI/TP-CODEIGNITER/git-clones/Matieres/public/index.php')
CRITICAL - 2026-04-29 08:27:59 --> ParseError: syntax error, unexpected identifier "via"
[Method: GET, Route: notes]
in APPPATH/Controllers/NotesController.php on line 106.
 1 SYSTEMPATH/Autoloader/Autoloader.php(295): CodeIgniter\Autoloader\Autoloader->includeFile()
 2 SYSTEMPATH/Autoloader/Autoloader.php(271): CodeIgniter\Autoloader\Autoloader->loadInNamespace()
 3 [internal function]: CodeIgniter\Autoloader\Autoloader->loadClass()
 4 SYSTEMPATH/Router/Router.php(792): class_exists()
 5 SYSTEMPATH/Router/Router.php(230): CodeIgniter\Router\Router->processRouteAttributes()
 6 SYSTEMPATH/CodeIgniter.php(829): CodeIgniter\Router\Router->handle()
 7 SYSTEMPATH/CodeIgniter.php(441): CodeIgniter\CodeIgniter->tryToRouteIt()
 8 SYSTEMPATH/CodeIgniter.php(340): CodeIgniter\CodeIgniter->handleRequest()
 9 SYSTEMPATH/Boot.php(417): CodeIgniter\CodeIgniter->run()
10 SYSTEMPATH/Boot.php(68): CodeIgniter\Boot::runCodeIgniter()
11 FCPATH/index.php(59): CodeIgniter\Boot::bootWeb()
12 SYSTEMPATH/rewrite.php(44): require_once('/home/hp/Documents/ITU/S4/SI/TP-CODEIGNITER/git-clones/Matieres/public/index.php')
CRITICAL - 2026-04-29 08:29:08 --> ParseError: syntax error, unexpected identifier "via"
[Method: GET, Route: notes]
in APPPATH/Controllers/NotesController.php on line 106.
 1 SYSTEMPATH/Autoloader/Autoloader.php(295): CodeIgniter\Autoloader\Autoloader->includeFile()
 2 SYSTEMPATH/Autoloader/Autoloader.php(271): CodeIgniter\Autoloader\Autoloader->loadInNamespace()
 3 [internal function]: CodeIgniter\Autoloader\Autoloader->loadClass()
 4 SYSTEMPATH/Router/Router.php(792): class_exists()
 5 SYSTEMPATH/Router/Router.php(230): CodeIgniter\Router\Router->processRouteAttributes()
 6 SYSTEMPATH/CodeIgniter.php(829): CodeIgniter\Router\Router->handle()
 7 SYSTEMPATH/CodeIgniter.php(441): CodeIgniter\CodeIgniter->tryToRouteIt()
 8 SYSTEMPATH/CodeIgniter.php(340): CodeIgniter\CodeIgniter->handleRequest()
 9 SYSTEMPATH/Boot.php(417): CodeIgniter\CodeIgniter->run()
10 SYSTEMPATH/Boot.php(68): CodeIgniter\Boot::runCodeIgniter()
11 FCPATH/index.php(59): CodeIgniter\Boot::bootWeb()
12 SYSTEMPATH/rewrite.php(44): require_once('/home/hp/Documents/ITU/S4/SI/TP-CODEIGNITER/git-clones/Matieres/public/index.php')
CRITICAL - 2026-04-29 08:31:18 --> ErrorException: include(/home/hp/Documents/ITU/S4/SI/TP-CODEIGNITER/git-clones/Matieres/app/Views/layouts/header.php): Failed to open stream: No such file or directory
[Method: GET, Route: notes]
in APPPATH/Views/notes/liste-eleves.php on line 1.
 1 APPPATH/Views/notes/liste-eleves.php(1): CodeIgniter\Debug\Exceptions->errorHandler()
 2 APPPATH/Views/notes/liste-eleves.php(1): include()
 3 SYSTEMPATH/View/View.php(240): include('/home/hp/Documents/ITU/S4/SI/TP-CODEIGNITER/git-clones/Matieres/app/Views/notes/liste-eleves.php')
 4 SYSTEMPATH/View/View.php(243): CodeIgniter\View\View->CodeIgniter\View\{closure}()
 5 SYSTEMPATH/Common.php(1250): CodeIgniter\View\View->render()
 6 APPPATH/Controllers/NotesController.php(35): view()
 7 SYSTEMPATH/CodeIgniter.php(951): App\Controllers\NotesController->index()
 8 SYSTEMPATH/CodeIgniter.php(497): CodeIgniter\CodeIgniter->runController()
 9 SYSTEMPATH/CodeIgniter.php(340): CodeIgniter\CodeIgniter->handleRequest()
10 SYSTEMPATH/Boot.php(417): CodeIgniter\CodeIgniter->run()
11 SYSTEMPATH/Boot.php(68): CodeIgniter\Boot::runCodeIgniter()
12 FCPATH/index.php(59): CodeIgniter\Boot::bootWeb()
13 SYSTEMPATH/rewrite.php(44): require_once('/home/hp/Documents/ITU/S4/SI/TP-CODEIGNITER/git-clones/Matieres/public/index.php')
CRITICAL - 2026-04-29 08:54:55 --> CodeIgniter\View\Exceptions\ViewException: Invalid file: "list-eleves.php"
[Method: GET, Route: /]
in SYSTEMPATH/Exceptions/FrameworkException.php on line 39.
 1 SYSTEMPATH/View/View.php(228): CodeIgniter\Exceptions\FrameworkException::forInvalidFile()
 2 SYSTEMPATH/Common.php(1250): CodeIgniter\View\View->render()
 3 APPPATH/Controllers/Home.php(30): view()
 4 SYSTEMPATH/CodeIgniter.php(951): App\Controllers\Home->list()
 5 SYSTEMPATH/CodeIgniter.php(497): CodeIgniter\CodeIgniter->runController()
 6 SYSTEMPATH/CodeIgniter.php(340): CodeIgniter\CodeIgniter->handleRequest()
 7 SYSTEMPATH/Boot.php(417): CodeIgniter\CodeIgniter->run()
 8 SYSTEMPATH/Boot.php(68): CodeIgniter\Boot::runCodeIgniter()
 9 FCPATH/index.php(59): CodeIgniter\Boot::bootWeb()
10 SYSTEMPATH/rewrite.php(44): require_once('/home/hp/Documents/ITU/S4/SI/TP-CODEIGNITER/git-clones/Matieres/public/index.php')
CRITICAL - 2026-04-29 08:55:18 --> CodeIgniter\View\Exceptions\ViewException: Invalid file: "list-eleves.php"
[Method: GET, Route: /]
in SYSTEMPATH/Exceptions/FrameworkException.php on line 39.
 1 SYSTEMPATH/View/View.php(228): CodeIgniter\Exceptions\FrameworkException::forInvalidFile()
 2 SYSTEMPATH/Common.php(1250): CodeIgniter\View\View->render()
 3 APPPATH/Controllers/Home.php(30): view()
 4 SYSTEMPATH/CodeIgniter.php(951): App\Controllers\Home->list()
 5 SYSTEMPATH/CodeIgniter.php(497): CodeIgniter\CodeIgniter->runController()
 6 SYSTEMPATH/CodeIgniter.php(340): CodeIgniter\CodeIgniter->handleRequest()
 7 SYSTEMPATH/Boot.php(417): CodeIgniter\CodeIgniter->run()
 8 SYSTEMPATH/Boot.php(68): CodeIgniter\Boot::runCodeIgniter()
 9 FCPATH/index.php(59): CodeIgniter\Boot::bootWeb()
10 SYSTEMPATH/rewrite.php(44): require_once('/home/hp/Documents/ITU/S4/SI/TP-CODEIGNITER/git-clones/Matieres/public/index.php')
CRITICAL - 2026-04-29 08:56:00 --> CodeIgniter\View\Exceptions\ViewException: Invalid file: "list-eleves.php"
[Method: GET, Route: /]
in SYSTEMPATH/Exceptions/FrameworkException.php on line 39.
 1 SYSTEMPATH/View/View.php(228): CodeIgniter\Exceptions\FrameworkException::forInvalidFile()
 2 SYSTEMPATH/Common.php(1250): CodeIgniter\View\View->render()
 3 APPPATH/Controllers/Home.php(30): view()
 4 SYSTEMPATH/CodeIgniter.php(951): App\Controllers\Home->list()
 5 SYSTEMPATH/CodeIgniter.php(497): CodeIgniter\CodeIgniter->runController()
 6 SYSTEMPATH/CodeIgniter.php(340): CodeIgniter\CodeIgniter->handleRequest()
 7 SYSTEMPATH/Boot.php(417): CodeIgniter\CodeIgniter->run()
 8 SYSTEMPATH/Boot.php(68): CodeIgniter\Boot::runCodeIgniter()
 9 FCPATH/index.php(59): CodeIgniter\Boot::bootWeb()
10 SYSTEMPATH/rewrite.php(44): require_once('/home/hp/Documents/ITU/S4/SI/TP-CODEIGNITER/git-clones/Matieres/public/index.php')
CRITICAL - 2026-04-29 08:57:05 --> CodeIgniter\View\Exceptions\ViewException: Invalid file: "list-eleves.php"
[Method: GET, Route: /]
in SYSTEMPATH/Exceptions/FrameworkException.php on line 39.
 1 SYSTEMPATH/View/View.php(228): CodeIgniter\Exceptions\FrameworkException::forInvalidFile()
 2 SYSTEMPATH/Common.php(1250): CodeIgniter\View\View->render()
 3 APPPATH/Controllers/Home.php(30): view()
 4 SYSTEMPATH/CodeIgniter.php(951): App\Controllers\Home->list()
 5 SYSTEMPATH/CodeIgniter.php(497): CodeIgniter\CodeIgniter->runController()
 6 SYSTEMPATH/CodeIgniter.php(340): CodeIgniter\CodeIgniter->handleRequest()
 7 SYSTEMPATH/Boot.php(417): CodeIgniter\CodeIgniter->run()
 8 SYSTEMPATH/Boot.php(68): CodeIgniter\Boot::runCodeIgniter()
 9 FCPATH/index.php(59): CodeIgniter\Boot::bootWeb()
10 SYSTEMPATH/rewrite.php(44): require_once('/home/hp/Documents/ITU/S4/SI/TP-CODEIGNITER/git-clones/Matieres/public/index.php')
CRITICAL - 2026-04-29 08:57:52 --> CodeIgniter\View\Exceptions\ViewException: Invalid file: "list-eleves.php"
[Method: GET, Route: /]
in SYSTEMPATH/Exceptions/FrameworkException.php on line 39.
 1 SYSTEMPATH/View/View.php(228): CodeIgniter\Exceptions\FrameworkException::forInvalidFile()
 2 SYSTEMPATH/Common.php(1250): CodeIgniter\View\View->render()
 3 APPPATH/Controllers/Home.php(30): view()
 4 SYSTEMPATH/CodeIgniter.php(951): App\Controllers\Home->list()
 5 SYSTEMPATH/CodeIgniter.php(497): CodeIgniter\CodeIgniter->runController()
 6 SYSTEMPATH/CodeIgniter.php(340): CodeIgniter\CodeIgniter->handleRequest()
 7 SYSTEMPATH/Boot.php(417): CodeIgniter\CodeIgniter->run()
 8 SYSTEMPATH/Boot.php(68): CodeIgniter\Boot::runCodeIgniter()
 9 FCPATH/index.php(59): CodeIgniter\Boot::bootWeb()
10 SYSTEMPATH/rewrite.php(44): require_once('/home/hp/Documents/ITU/S4/SI/TP-CODEIGNITER/git-clones/Matieres/public/index.php')
CRITICAL - 2026-04-29 08:57:53 --> CodeIgniter\View\Exceptions\ViewException: Invalid file: "list-eleves.php"
[Method: GET, Route: /]
in SYSTEMPATH/Exceptions/FrameworkException.php on line 39.
 1 SYSTEMPATH/View/View.php(228): CodeIgniter\Exceptions\FrameworkException::forInvalidFile()
 2 SYSTEMPATH/Common.php(1250): CodeIgniter\View\View->render()
 3 APPPATH/Controllers/Home.php(30): view()
 4 SYSTEMPATH/CodeIgniter.php(951): App\Controllers\Home->list()
 5 SYSTEMPATH/CodeIgniter.php(497): CodeIgniter\CodeIgniter->runController()
 6 SYSTEMPATH/CodeIgniter.php(340): CodeIgniter\CodeIgniter->handleRequest()
 7 SYSTEMPATH/Boot.php(417): CodeIgniter\CodeIgniter->run()
 8 SYSTEMPATH/Boot.php(68): CodeIgniter\Boot::runCodeIgniter()
 9 FCPATH/index.php(59): CodeIgniter\Boot::bootWeb()
10 SYSTEMPATH/rewrite.php(44): require_once('/home/hp/Documents/ITU/S4/SI/TP-CODEIGNITER/git-clones/Matieres/public/index.php')
CRITICAL - 2026-04-29 08:57:53 --> CodeIgniter\View\Exceptions\ViewException: Invalid file: "list-eleves.php"
[Method: GET, Route: /]
in SYSTEMPATH/Exceptions/FrameworkException.php on line 39.
 1 SYSTEMPATH/View/View.php(228): CodeIgniter\Exceptions\FrameworkException::forInvalidFile()
 2 SYSTEMPATH/Common.php(1250): CodeIgniter\View\View->render()
 3 APPPATH/Controllers/Home.php(30): view()
 4 SYSTEMPATH/CodeIgniter.php(951): App\Controllers\Home->list()
 5 SYSTEMPATH/CodeIgniter.php(497): CodeIgniter\CodeIgniter->runController()
 6 SYSTEMPATH/CodeIgniter.php(340): CodeIgniter\CodeIgniter->handleRequest()
 7 SYSTEMPATH/Boot.php(417): CodeIgniter\CodeIgniter->run()
 8 SYSTEMPATH/Boot.php(68): CodeIgniter\Boot::runCodeIgniter()
 9 FCPATH/index.php(59): CodeIgniter\Boot::bootWeb()
10 SYSTEMPATH/rewrite.php(44): require_once('/home/hp/Documents/ITU/S4/SI/TP-CODEIGNITER/git-clones/Matieres/public/index.php')
CRITICAL - 2026-04-29 08:57:53 --> CodeIgniter\View\Exceptions\ViewException: Invalid file: "list-eleves.php"
[Method: GET, Route: /]
in SYSTEMPATH/Exceptions/FrameworkException.php on line 39.
 1 SYSTEMPATH/View/View.php(228): CodeIgniter\Exceptions\FrameworkException::forInvalidFile()
 2 SYSTEMPATH/Common.php(1250): CodeIgniter\View\View->render()
 3 APPPATH/Controllers/Home.php(30): view()
 4 SYSTEMPATH/CodeIgniter.php(951): App\Controllers\Home->list()
 5 SYSTEMPATH/CodeIgniter.php(497): CodeIgniter\CodeIgniter->runController()
 6 SYSTEMPATH/CodeIgniter.php(340): CodeIgniter\CodeIgniter->handleRequest()
 7 SYSTEMPATH/Boot.php(417): CodeIgniter\CodeIgniter->run()
 8 SYSTEMPATH/Boot.php(68): CodeIgniter\Boot::runCodeIgniter()
 9 FCPATH/index.php(59): CodeIgniter\Boot::bootWeb()
10 SYSTEMPATH/rewrite.php(44): require_once('/home/hp/Documents/ITU/S4/SI/TP-CODEIGNITER/git-clones/Matieres/public/index.php')
CRITICAL - 2026-04-29 08:57:54 --> CodeIgniter\View\Exceptions\ViewException: Invalid file: "list-eleves.php"
[Method: GET, Route: /]
in SYSTEMPATH/Exceptions/FrameworkException.php on line 39.
 1 SYSTEMPATH/View/View.php(228): CodeIgniter\Exceptions\FrameworkException::forInvalidFile()
 2 SYSTEMPATH/Common.php(1250): CodeIgniter\View\View->render()
 3 APPPATH/Controllers/Home.php(30): view()
 4 SYSTEMPATH/CodeIgniter.php(951): App\Controllers\Home->list()
 5 SYSTEMPATH/CodeIgniter.php(497): CodeIgniter\CodeIgniter->runController()
 6 SYSTEMPATH/CodeIgniter.php(340): CodeIgniter\CodeIgniter->handleRequest()
 7 SYSTEMPATH/Boot.php(417): CodeIgniter\CodeIgniter->run()
 8 SYSTEMPATH/Boot.php(68): CodeIgniter\Boot::runCodeIgniter()
 9 FCPATH/index.php(59): CodeIgniter\Boot::bootWeb()
10 SYSTEMPATH/rewrite.php(44): require_once('/home/hp/Documents/ITU/S4/SI/TP-CODEIGNITER/git-clones/Matieres/public/index.php')
CRITICAL - 2026-04-29 08:59:22 --> CodeIgniter\View\Exceptions\ViewException: Invalid file: "list-eleves.php"
[Method: GET, Route: list]
in SYSTEMPATH/Exceptions/FrameworkException.php on line 39.
 1 SYSTEMPATH/View/View.php(228): CodeIgniter\Exceptions\FrameworkException::forInvalidFile()
 2 SYSTEMPATH/Common.php(1250): CodeIgniter\View\View->render()
 3 APPPATH/Controllers/Home.php(30): view()
 4 SYSTEMPATH/CodeIgniter.php(951): App\Controllers\Home->list()
 5 SYSTEMPATH/CodeIgniter.php(497): CodeIgniter\CodeIgniter->runController()
 6 SYSTEMPATH/CodeIgniter.php(340): CodeIgniter\CodeIgniter->handleRequest()
 7 SYSTEMPATH/Boot.php(417): CodeIgniter\CodeIgniter->run()
 8 SYSTEMPATH/Boot.php(68): CodeIgniter\Boot::runCodeIgniter()
 9 FCPATH/index.php(59): CodeIgniter\Boot::bootWeb()
10 SYSTEMPATH/rewrite.php(44): require_once('/home/hp/Documents/ITU/S4/SI/TP-CODEIGNITER/git-clones/Matieres/public/index.php')
CRITICAL - 2026-04-29 08:59:49 --> CodeIgniter\View\Exceptions\ViewException: Invalid file: "list-eleves.php"
[Method: GET, Route: list]
in SYSTEMPATH/Exceptions/FrameworkException.php on line 39.
 1 SYSTEMPATH/View/View.php(228): CodeIgniter\Exceptions\FrameworkException::forInvalidFile()
 2 SYSTEMPATH/Common.php(1250): CodeIgniter\View\View->render()
 3 APPPATH/Controllers/Home.php(30): view()
 4 SYSTEMPATH/CodeIgniter.php(951): App\Controllers\Home->list()
 5 SYSTEMPATH/CodeIgniter.php(497): CodeIgniter\CodeIgniter->runController()
 6 SYSTEMPATH/CodeIgniter.php(340): CodeIgniter\CodeIgniter->handleRequest()
 7 SYSTEMPATH/Boot.php(417): CodeIgniter\CodeIgniter->run()
 8 SYSTEMPATH/Boot.php(68): CodeIgniter\Boot::runCodeIgniter()
 9 FCPATH/index.php(59): CodeIgniter\Boot::bootWeb()
10 SYSTEMPATH/rewrite.php(44): require_once('/home/hp/Documents/ITU/S4/SI/TP-CODEIGNITER/git-clones/Matieres/public/index.php')
CRITICAL - 2026-04-29 08:59:49 --> CodeIgniter\View\Exceptions\ViewException: Invalid file: "list-eleves.php"
[Method: GET, Route: list]
in SYSTEMPATH/Exceptions/FrameworkException.php on line 39.
 1 SYSTEMPATH/View/View.php(228): CodeIgniter\Exceptions\FrameworkException::forInvalidFile()
 2 SYSTEMPATH/Common.php(1250): CodeIgniter\View\View->render()
 3 APPPATH/Controllers/Home.php(30): view()
 4 SYSTEMPATH/CodeIgniter.php(951): App\Controllers\Home->list()
 5 SYSTEMPATH/CodeIgniter.php(497): CodeIgniter\CodeIgniter->runController()
 6 SYSTEMPATH/CodeIgniter.php(340): CodeIgniter\CodeIgniter->handleRequest()
 7 SYSTEMPATH/Boot.php(417): CodeIgniter\CodeIgniter->run()
 8 SYSTEMPATH/Boot.php(68): CodeIgniter\Boot::runCodeIgniter()
 9 FCPATH/index.php(59): CodeIgniter\Boot::bootWeb()
10 SYSTEMPATH/rewrite.php(44): require_once('/home/hp/Documents/ITU/S4/SI/TP-CODEIGNITER/git-clones/Matieres/public/index.php')
CRITICAL - 2026-04-29 08:59:50 --> CodeIgniter\View\Exceptions\ViewException: Invalid file: "list-eleves.php"
[Method: GET, Route: list]
in SYSTEMPATH/Exceptions/FrameworkException.php on line 39.
 1 SYSTEMPATH/View/View.php(228): CodeIgniter\Exceptions\FrameworkException::forInvalidFile()
 2 SYSTEMPATH/Common.php(1250): CodeIgniter\View\View->render()
 3 APPPATH/Controllers/Home.php(30): view()
 4 SYSTEMPATH/CodeIgniter.php(951): App\Controllers\Home->list()
 5 SYSTEMPATH/CodeIgniter.php(497): CodeIgniter\CodeIgniter->runController()
 6 SYSTEMPATH/CodeIgniter.php(340): CodeIgniter\CodeIgniter->handleRequest()
 7 SYSTEMPATH/Boot.php(417): CodeIgniter\CodeIgniter->run()
 8 SYSTEMPATH/Boot.php(68): CodeIgniter\Boot::runCodeIgniter()
 9 FCPATH/index.php(59): CodeIgniter\Boot::bootWeb()
10 SYSTEMPATH/rewrite.php(44): require_once('/home/hp/Documents/ITU/S4/SI/TP-CODEIGNITER/git-clones/Matieres/public/index.php')
CRITICAL - 2026-04-29 08:59:50 --> CodeIgniter\View\Exceptions\ViewException: Invalid file: "list-eleves.php"
[Method: GET, Route: list]
in SYSTEMPATH/Exceptions/FrameworkException.php on line 39.
 1 SYSTEMPATH/View/View.php(228): CodeIgniter\Exceptions\FrameworkException::forInvalidFile()
 2 SYSTEMPATH/Common.php(1250): CodeIgniter\View\View->render()
 3 APPPATH/Controllers/Home.php(30): view()
 4 SYSTEMPATH/CodeIgniter.php(951): App\Controllers\Home->list()
 5 SYSTEMPATH/CodeIgniter.php(497): CodeIgniter\CodeIgniter->runController()
 6 SYSTEMPATH/CodeIgniter.php(340): CodeIgniter\CodeIgniter->handleRequest()
 7 SYSTEMPATH/Boot.php(417): CodeIgniter\CodeIgniter->run()
 8 SYSTEMPATH/Boot.php(68): CodeIgniter\Boot::runCodeIgniter()
 9 FCPATH/index.php(59): CodeIgniter\Boot::bootWeb()
10 SYSTEMPATH/rewrite.php(44): require_once('/home/hp/Documents/ITU/S4/SI/TP-CODEIGNITER/git-clones/Matieres/public/index.php')
CRITICAL - 2026-04-29 08:59:50 --> CodeIgniter\View\Exceptions\ViewException: Invalid file: "list-eleves.php"
[Method: GET, Route: list]
in SYSTEMPATH/Exceptions/FrameworkException.php on line 39.
 1 SYSTEMPATH/View/View.php(228): CodeIgniter\Exceptions\FrameworkException::forInvalidFile()
 2 SYSTEMPATH/Common.php(1250): CodeIgniter\View\View->render()
 3 APPPATH/Controllers/Home.php(30): view()
 4 SYSTEMPATH/CodeIgniter.php(951): App\Controllers\Home->list()
 5 SYSTEMPATH/CodeIgniter.php(497): CodeIgniter\CodeIgniter->runController()
 6 SYSTEMPATH/CodeIgniter.php(340): CodeIgniter\CodeIgniter->handleRequest()
 7 SYSTEMPATH/Boot.php(417): CodeIgniter\CodeIgniter->run()
 8 SYSTEMPATH/Boot.php(68): CodeIgniter\Boot::runCodeIgniter()
 9 FCPATH/index.php(59): CodeIgniter\Boot::bootWeb()
10 SYSTEMPATH/rewrite.php(44): require_once('/home/hp/Documents/ITU/S4/SI/TP-CODEIGNITER/git-clones/Matieres/public/index.php')
CRITICAL - 2026-04-29 08:59:50 --> CodeIgniter\View\Exceptions\ViewException: Invalid file: "list-eleves.php"
[Method: GET, Route: list]
in SYSTEMPATH/Exceptions/FrameworkException.php on line 39.
 1 SYSTEMPATH/View/View.php(228): CodeIgniter\Exceptions\FrameworkException::forInvalidFile()
 2 SYSTEMPATH/Common.php(1250): CodeIgniter\View\View->render()
 3 APPPATH/Controllers/Home.php(30): view()
 4 SYSTEMPATH/CodeIgniter.php(951): App\Controllers\Home->list()
 5 SYSTEMPATH/CodeIgniter.php(497): CodeIgniter\CodeIgniter->runController()
 6 SYSTEMPATH/CodeIgniter.php(340): CodeIgniter\CodeIgniter->handleRequest()
 7 SYSTEMPATH/Boot.php(417): CodeIgniter\CodeIgniter->run()
 8 SYSTEMPATH/Boot.php(68): CodeIgniter\Boot::runCodeIgniter()
 9 FCPATH/index.php(59): CodeIgniter\Boot::bootWeb()
10 SYSTEMPATH/rewrite.php(44): require_once('/home/hp/Documents/ITU/S4/SI/TP-CODEIGNITER/git-clones/Matieres/public/index.php')
CRITICAL - 2026-04-29 08:59:51 --> CodeIgniter\View\Exceptions\ViewException: Invalid file: "list-eleves.php"
[Method: GET, Route: list]
in SYSTEMPATH/Exceptions/FrameworkException.php on line 39.
 1 SYSTEMPATH/View/View.php(228): CodeIgniter\Exceptions\FrameworkException::forInvalidFile()
 2 SYSTEMPATH/Common.php(1250): CodeIgniter\View\View->render()
 3 APPPATH/Controllers/Home.php(30): view()
 4 SYSTEMPATH/CodeIgniter.php(951): App\Controllers\Home->list()
 5 SYSTEMPATH/CodeIgniter.php(497): CodeIgniter\CodeIgniter->runController()
 6 SYSTEMPATH/CodeIgniter.php(340): CodeIgniter\CodeIgniter->handleRequest()
 7 SYSTEMPATH/Boot.php(417): CodeIgniter\CodeIgniter->run()
 8 SYSTEMPATH/Boot.php(68): CodeIgniter\Boot::runCodeIgniter()
 9 FCPATH/index.php(59): CodeIgniter\Boot::bootWeb()
10 SYSTEMPATH/rewrite.php(44): require_once('/home/hp/Documents/ITU/S4/SI/TP-CODEIGNITER/git-clones/Matieres/public/index.php')
DEBUG - 2026-04-29 09:04:42 --> Session: Class initialized using 'CodeIgniter\Session\Handlers\FileHandler' driver.
DEBUG - 2026-04-29 09:04:46 --> Session: Class initialized using 'CodeIgniter\Session\Handlers\FileHandler' driver.
DEBUG - 2026-04-29 09:04:49 --> Session: Class initialized using 'CodeIgniter\Session\Handlers\FileHandler' driver.
DEBUG - 2026-04-29 09:04:52 --> Session: Class initialized using 'CodeIgniter\Session\Handlers\FileHandler' driver.
DEBUG - 2026-04-29 09:05:03 --> Session: Class initialized using 'CodeIgniter\Session\Handlers\FileHandler' driver.
DEBUG - 2026-04-29 09:06:15 --> Session: Class initialized using 'CodeIgniter\Session\Handlers\FileHandler' driver.
DEBUG - 2026-04-29 09:11:42 --> Session: Class initialized using 'CodeIgniter\Session\Handlers\FileHandler' driver.
DEBUG - 2026-04-29 09:12:09 --> Session: Class initialized using 'CodeIgniter\Session\Handlers\FileHandler' driver.
DEBUG - 2026-04-29 09:12:10 --> Session: Class initialized using 'CodeIgniter\Session\Handlers\FileHandler' driver.
DEBUG - 2026-04-29 09:12:12 --> Session: Class initialized using 'CodeIgniter\Session\Handlers\FileHandler' driver.
DEBUG - 2026-04-29 09:12:13 --> Session: Class initialized using 'CodeIgniter\Session\Handlers\FileHandler' driver.
DEBUG - 2026-04-29 09:12:16 --> Session: Class initialized using 'CodeIgniter\Session\Handlers\FileHandler' driver.
DEBUG - 2026-04-29 09:12:33 --> Session: Class initialized using 'CodeIgniter\Session\Handlers\FileHandler' driver.
DEBUG - 2026-04-29 09:12:57 --> Session: Class initialized using 'CodeIgniter\Session\Handlers\FileHandler' driver.
DEBUG - 2026-04-29 09:13:43 --> Session: Class initialized using 'CodeIgniter\Session\Handlers\FileHandler' driver.
DEBUG - 2026-04-29 09:13:43 --> Session: Class initialized using 'CodeIgniter\Session\Handlers\FileHandler' driver.
CRITICAL - 2026-04-29 09:13:43 --> CodeIgniter\View\Exceptions\ViewException: Invalid file: "liste-eleves.php"
[Method: GET, Route: liste-eleves]
in SYSTEMPATH/Exceptions/FrameworkException.php on line 39.
 1 SYSTEMPATH/View/View.php(228): CodeIgniter\Exceptions\FrameworkException::forInvalidFile()
 2 SYSTEMPATH/Common.php(1250): CodeIgniter\View\View->render()
 3 APPPATH/Config/Routes.php(21): view()
 4 SYSTEMPATH/CodeIgniter.php(872): CodeIgniter\Router\RouteCollection->{closure}()
 5 SYSTEMPATH/CodeIgniter.php(480): CodeIgniter\CodeIgniter->startController()
 6 SYSTEMPATH/CodeIgniter.php(340): CodeIgniter\CodeIgniter->handleRequest()
 7 SYSTEMPATH/Boot.php(417): CodeIgniter\CodeIgniter->run()
 8 SYSTEMPATH/Boot.php(68): CodeIgniter\Boot::runCodeIgniter()
 9 FCPATH/index.php(59): CodeIgniter\Boot::bootWeb()
10 SYSTEMPATH/rewrite.php(44): require_once('/home/hp/Documents/ITU/S4/SI/TP-CODEIGNITER/git-clones/Matieres/public/index.php')
DEBUG - 2026-04-29 09:14:01 --> Session: Class initialized using 'CodeIgniter\Session\Handlers\FileHandler' driver.
DEBUG - 2026-04-29 09:14:26 --> Session: Class initialized using 'CodeIgniter\Session\Handlers\FileHandler' driver.
DEBUG - 2026-04-29 09:14:28 --> Session: Class initialized using 'CodeIgniter\Session\Handlers\FileHandler' driver.
DEBUG - 2026-04-29 09:14:29 --> Session: Class initialized using 'CodeIgniter\Session\Handlers\FileHandler' driver.
DEBUG - 2026-04-29 09:15:01 --> Session: Class initialized using 'CodeIgniter\Session\Handlers\FileHandler' driver.
DEBUG - 2026-04-29 09:15:23 --> Session: Class initialized using 'CodeIgniter\Session\Handlers\FileHandler' driver.
DEBUG - 2026-04-29 09:15:31 --> Session: Class initialized using 'CodeIgniter\Session\Handlers\FileHandler' driver.
DEBUG - 2026-04-29 09:15:31 --> Session: Class initialized using 'CodeIgniter\Session\Handlers\FileHandler' driver.
DEBUG - 2026-04-29 09:15:34 --> Session: Class initialized using 'CodeIgniter\Session\Handlers\FileHandler' driver.
DEBUG - 2026-04-29 09:15:59 --> Session: Class initialized using 'CodeIgniter\Session\Handlers\FileHandler' driver.
DEBUG - 2026-04-29 09:16:03 --> Session: Class initialized using 'CodeIgniter\Session\Handlers\FileHandler' driver.
DEBUG - 2026-04-29 09:16:20 --> Session: Class initialized using 'CodeIgniter\Session\Handlers\FileHandler' driver.
DEBUG - 2026-04-29 09:17:01 --> Session: Class initialized using 'CodeIgniter\Session\Handlers\FileHandler' driver.
DEBUG - 2026-04-29 09:17:29 --> Session: Class initialized using 'CodeIgniter\Session\Handlers\FileHandler' driver.
DEBUG - 2026-04-29 09:17:32 --> Session: Class initialized using 'CodeIgniter\Session\Handlers\FileHandler' driver.
DEBUG - 2026-04-29 09:17:50 --> Session: Class initialized using 'CodeIgniter\Session\Handlers\FileHandler' driver.
DEBUG - 2026-04-29 09:18:00 --> Session: Class initialized using 'CodeIgniter\Session\Handlers\FileHandler' driver.
DEBUG - 2026-04-29 09:18:04 --> Session: Class initialized using 'CodeIgniter\Session\Handlers\FileHandler' driver.
DEBUG - 2026-04-29 09:18:08 --> Session: Class initialized using 'CodeIgniter\Session\Handlers\FileHandler' driver.
DEBUG - 2026-04-29 09:18:27 --> Session: Class initialized using 'CodeIgniter\Session\Handlers\FileHandler' driver.
DEBUG - 2026-04-29 09:18:27 --> Session: Class initialized using 'CodeIgniter\Session\Handlers\FileHandler' driver.
DEBUG - 2026-04-29 09:18:30 --> Session: Class initialized using 'CodeIgniter\Session\Handlers\FileHandler' driver.
DEBUG - 2026-04-29 09:18:43 --> Session: Class initialized using 'CodeIgniter\Session\Handlers\FileHandler' driver.
DEBUG - 2026-04-29 09:18:47 --> Session: Class initialized using 'CodeIgniter\Session\Handlers\FileHandler' driver.
DEBUG - 2026-04-29 09:18:51 --> Session: Class initialized using 'CodeIgniter\Session\Handlers\FileHandler' driver.
DEBUG - 2026-04-29 09:18:51 --> Session: Class initialized using 'CodeIgniter\Session\Handlers\FileHandler' driver.
DEBUG - 2026-04-29 09:18:55 --> Session: Class initialized using 'CodeIgniter\Session\Handlers\FileHandler' driver.
DEBUG - 2026-04-29 09:19:09 --> Session: Class initialized using 'CodeIgniter\Session\Handlers\FileHandler' driver.
DEBUG - 2026-04-29 09:19:50 --> Session: Class initialized using 'CodeIgniter\Session\Handlers\FileHandler' driver.
DEBUG - 2026-04-29 09:19:52 --> Session: Class initialized using 'CodeIgniter\Session\Handlers\FileHandler' driver.
DEBUG - 2026-04-29 09:20:00 --> Session: Class initialized using 'CodeIgniter\Session\Handlers\FileHandler' driver.
DEBUG - 2026-04-29 09:20:06 --> Session: Class initialized using 'CodeIgniter\Session\Handlers\FileHandler' driver.
DEBUG - 2026-04-29 09:20:24 --> Session: Class initialized using 'CodeIgniter\Session\Handlers\FileHandler' driver.
DEBUG - 2026-04-29 09:20:24 --> Session: Class initialized using 'CodeIgniter\Session\Handlers\FileHandler' driver.
CRITICAL - 2026-04-29 09:20:24 --> CodeIgniter\View\Exceptions\ViewException: Invalid file: "liste-eleves.php"
[Method: GET, Route: liste-eleves]
in SYSTEMPATH/Exceptions/FrameworkException.php on line 39.
 1 SYSTEMPATH/View/View.php(228): CodeIgniter\Exceptions\FrameworkException::forInvalidFile()
 2 SYSTEMPATH/Common.php(1250): CodeIgniter\View\View->render()
 3 APPPATH/Config/Routes.php(21): view()
 4 SYSTEMPATH/CodeIgniter.php(872): CodeIgniter\Router\RouteCollection->{closure}()
 5 SYSTEMPATH/CodeIgniter.php(480): CodeIgniter\CodeIgniter->startController()
 6 SYSTEMPATH/CodeIgniter.php(340): CodeIgniter\CodeIgniter->handleRequest()
 7 SYSTEMPATH/Boot.php(417): CodeIgniter\CodeIgniter->run()
 8 SYSTEMPATH/Boot.php(68): CodeIgniter\Boot::runCodeIgniter()
 9 FCPATH/index.php(59): CodeIgniter\Boot::bootWeb()
10 SYSTEMPATH/rewrite.php(44): require_once('/home/hp/Documents/ITU/S4/SI/TP-CODEIGNITER/git-clones/Matieres/public/index.php')
DEBUG - 2026-04-29 09:20:27 --> Session: Class initialized using 'CodeIgniter\Session\Handlers\FileHandler' driver.
DEBUG - 2026-04-29 09:20:28 --> Session: Class initialized using 'CodeIgniter\Session\Handlers\FileHandler' driver.
CRITICAL - 2026-04-29 09:20:28 --> CodeIgniter\View\Exceptions\ViewException: Invalid file: "liste-eleves.php"
[Method: GET, Route: liste-eleves]
in SYSTEMPATH/Exceptions/FrameworkException.php on line 39.
 1 SYSTEMPATH/View/View.php(228): CodeIgniter\Exceptions\FrameworkException::forInvalidFile()
 2 SYSTEMPATH/Common.php(1250): CodeIgniter\View\View->render()
 3 APPPATH/Config/Routes.php(21): view()
 4 SYSTEMPATH/CodeIgniter.php(872): CodeIgniter\Router\RouteCollection->{closure}()
 5 SYSTEMPATH/CodeIgniter.php(480): CodeIgniter\CodeIgniter->startController()
 6 SYSTEMPATH/CodeIgniter.php(340): CodeIgniter\CodeIgniter->handleRequest()
 7 SYSTEMPATH/Boot.php(417): CodeIgniter\CodeIgniter->run()
 8 SYSTEMPATH/Boot.php(68): CodeIgniter\Boot::runCodeIgniter()
 9 FCPATH/index.php(59): CodeIgniter\Boot::bootWeb()
10 SYSTEMPATH/rewrite.php(44): require_once('/home/hp/Documents/ITU/S4/SI/TP-CODEIGNITER/git-clones/Matieres/public/index.php')
DEBUG - 2026-04-29 09:20:29 --> Session: Class initialized using 'CodeIgniter\Session\Handlers\FileHandler' driver.
DEBUG - 2026-04-29 09:25:34 --> Session: Class initialized using 'CodeIgniter\Session\Handlers\FileHandler' driver.
DEBUG - 2026-04-29 09:25:48 --> Session: Class initialized using 'CodeIgniter\Session\Handlers\FileHandler' driver.
DEBUG - 2026-04-29 09:26:02 --> Session: Class initialized using 'CodeIgniter\Session\Handlers\FileHandler' driver.
DEBUG - 2026-04-29 09:26:12 --> Session: Class initialized using 'CodeIgniter\Session\Handlers\FileHandler' driver.
DEBUG - 2026-04-29 09:26:15 --> Session: Class initialized using 'CodeIgniter\Session\Handlers\FileHandler' driver.
DEBUG - 2026-04-29 09:26:15 --> Session: Class initialized using 'CodeIgniter\Session\Handlers\FileHandler' driver.
DEBUG - 2026-04-29 09:26:38 --> Session: Class initialized using 'CodeIgniter\Session\Handlers\FileHandler' driver.
DEBUG - 2026-04-29 09:26:38 --> Session: Class initialized using 'CodeIgniter\Session\Handlers\FileHandler' driver.
DEBUG - 2026-04-29 09:27:06 --> Session: Class initialized using 'CodeIgniter\Session\Handlers\FileHandler' driver.
DEBUG - 2026-04-29 09:27:07 --> Session: Class initialized using 'CodeIgniter\Session\Handlers\FileHandler' driver.
DEBUG - 2026-04-29 09:27:08 --> Session: Class initialized using 'CodeIgniter\Session\Handlers\FileHandler' driver.
DEBUG - 2026-04-29 09:27:15 --> Session: Class initialized using 'CodeIgniter\Session\Handlers\FileHandler' driver.
DEBUG - 2026-04-29 09:27:15 --> Session: Class initialized using 'CodeIgniter\Session\Handlers\FileHandler' driver.
DEBUG - 2026-04-29 09:28:43 --> Session: Class initialized using 'CodeIgniter\Session\Handlers\FileHandler' driver.
DEBUG - 2026-04-29 09:28:45 --> Session: Class initialized using 'CodeIgniter\Session\Handlers\FileHandler' driver.
DEBUG - 2026-04-29 09:28:47 --> Session: Class initialized using 'CodeIgniter\Session\Handlers\FileHandler' driver.
DEBUG - 2026-04-29 09:28:49 --> Session: Class initialized using 'CodeIgniter\Session\Handlers\FileHandler' driver.
DEBUG - 2026-04-29 09:30:27 --> Session: Class initialized using 'CodeIgniter\Session\Handlers\FileHandler' driver.
DEBUG - 2026-04-29 09:34:12 --> Session: Class initialized using 'CodeIgniter\Session\Handlers\FileHandler' driver.
DEBUG - 2026-04-29 09:34:17 --> Session: Class initialized using 'CodeIgniter\Session\Handlers\FileHandler' driver.
DEBUG - 2026-04-29 09:35:06 --> Session: Class initialized using 'CodeIgniter\Session\Handlers\FileHandler' driver.
DEBUG - 2026-04-29 09:35:07 --> Session: Class initialized using 'CodeIgniter\Session\Handlers\FileHandler' driver.
DEBUG - 2026-04-29 09:35:09 --> Session: Class initialized using 'CodeIgniter\Session\Handlers\FileHandler' driver.
DEBUG - 2026-04-29 09:35:12 --> Session: Class initialized using 'CodeIgniter\Session\Handlers\FileHandler' driver.
DEBUG - 2026-04-29 09:35:15 --> Session: Class initialized using 'CodeIgniter\Session\Handlers\FileHandler' driver.
DEBUG - 2026-04-29 09:35:17 --> Session: Class initialized using 'CodeIgniter\Session\Handlers\FileHandler' driver.
DEBUG - 2026-04-29 09:35:56 --> Session: Class initialized using 'CodeIgniter\Session\Handlers\FileHandler' driver.
DEBUG - 2026-04-29 09:35:57 --> Session: Class initialized using 'CodeIgniter\Session\Handlers\FileHandler' driver.
DEBUG - 2026-04-29 09:35:59 --> Session: Class initialized using 'CodeIgniter\Session\Handlers\FileHandler' driver.
DEBUG - 2026-04-29 09:36:01 --> Session: Class initialized using 'CodeIgniter\Session\Handlers\FileHandler' driver.
DEBUG - 2026-04-29 09:36:22 --> Session: Class initialized using 'CodeIgniter\Session\Handlers\FileHandler' driver.
DEBUG - 2026-04-29 09:36:25 --> Session: Class initialized using 'CodeIgniter\Session\Handlers\FileHandler' driver.
DEBUG - 2026-04-29 09:36:27 --> Session: Class initialized using 'CodeIgniter\Session\Handlers\FileHandler' driver.
DEBUG - 2026-04-29 09:36:29 --> Session: Class initialized using 'CodeIgniter\Session\Handlers\FileHandler' driver.
DEBUG - 2026-04-29 09:37:54 --> Session: Class initialized using 'CodeIgniter\Session\Handlers\FileHandler' driver.
DEBUG - 2026-04-29 09:37:57 --> Session: Class initialized using 'CodeIgniter\Session\Handlers\FileHandler' driver.
DEBUG - 2026-04-29 09:38:00 --> Session: Class initialized using 'CodeIgniter\Session\Handlers\FileHandler' driver.
DEBUG - 2026-04-29 09:38:11 --> Session: Class initialized using 'CodeIgniter\Session\Handlers\FileHandler' driver.
DEBUG - 2026-04-29 09:38:14 --> Session: Class initialized using 'CodeIgniter\Session\Handlers\FileHandler' driver.
DEBUG - 2026-04-29 09:38:18 --> Session: Class initialized using 'CodeIgniter\Session\Handlers\FileHandler' driver.
DEBUG - 2026-04-29 09:38:31 --> Session: Class initialized using 'CodeIgniter\Session\Handlers\FileHandler' driver.
DEBUG - 2026-04-29 09:38:32 --> Session: Class initialized using 'CodeIgniter\Session\Handlers\FileHandler' driver.
DEBUG - 2026-04-29 09:39:07 --> Session: Class initialized using 'CodeIgniter\Session\Handlers\FileHandler' driver.
DEBUG - 2026-04-29 09:39:08 --> Session: Class initialized using 'CodeIgniter\Session\Handlers\FileHandler' driver.
DEBUG - 2026-04-29 09:39:20 --> Session: Class initialized using 'CodeIgniter\Session\Handlers\FileHandler' driver.
DEBUG - 2026-04-29 09:39:54 --> Session: Class initialized using 'CodeIgniter\Session\Handlers\FileHandler' driver.
DEBUG - 2026-04-29 09:40:02 --> Session: Class initialized using 'CodeIgniter\Session\Handlers\FileHandler' driver.
DEBUG - 2026-04-29 09:40:04 --> Session: Class initialized using 'CodeIgniter\Session\Handlers\FileHandler' driver.
DEBUG - 2026-04-29 09:40:07 --> Session: Class initialized using 'CodeIgniter\Session\Handlers\FileHandler' driver.
DEBUG - 2026-04-29 09:40:20 --> Session: Class initialized using 'CodeIgniter\Session\Handlers\FileHandler' driver.
DEBUG - 2026-04-29 09:40:23 --> Session: Class initialized using 'CodeIgniter\Session\Handlers\FileHandler' driver.
DEBUG - 2026-04-29 09:40:26 --> Session: Class initialized using 'CodeIgniter\Session\Handlers\FileHandler' driver.
DEBUG - 2026-04-29 09:40:30 --> Session: Class initialized using 'CodeIgniter\Session\Handlers\FileHandler' driver.
DEBUG - 2026-04-29 09:45:03 --> Session: Class initialized using 'CodeIgniter\Session\Handlers\FileHandler' driver.
DEBUG - 2026-04-29 09:45:09 --> Session: Class initialized using 'CodeIgniter\Session\Handlers\FileHandler' driver.
DEBUG - 2026-04-29 09:45:17 --> Session: Class initialized using 'CodeIgniter\Session\Handlers\FileHandler' driver.
DEBUG - 2026-04-29 09:45:55 --> Session: Class initialized using 'CodeIgniter\Session\Handlers\FileHandler' driver.
DEBUG - 2026-04-29 09:49:27 --> Session: Class initialized using 'CodeIgniter\Session\Handlers\FileHandler' driver.
DEBUG - 2026-04-29 09:49:31 --> Session: Class initialized using 'CodeIgniter\Session\Handlers\FileHandler' driver.
DEBUG - 2026-04-29 09:56:05 --> Session: Class initialized using 'CodeIgniter\Session\Handlers\FileHandler' driver.
DEBUG - 2026-04-29 09:58:05 --> Session: Class initialized using 'CodeIgniter\Session\Handlers\FileHandler' driver.
DEBUG - 2026-04-29 09:58:24 --> Session: Class initialized using 'CodeIgniter\Session\Handlers\FileHandler' driver.
DEBUG - 2026-04-29 09:58:24 --> Session: Class initialized using 'CodeIgniter\Session\Handlers\FileHandler' driver.
DEBUG - 2026-04-29 09:58:28 --> Session: Class initialized using 'CodeIgniter\Session\Handlers\FileHandler' driver.
DEBUG - 2026-04-29 09:58:33 --> Session: Class initialized using 'CodeIgniter\Session\Handlers\FileHandler' driver.
DEBUG - 2026-04-29 09:58:36 --> Session: Class initialized using 'CodeIgniter\Session\Handlers\FileHandler' driver.
